{"level":"info","message":"POST /user/login","timestamp":"2024-05-21T10:59:03.197Z"}
{"level":"info","message":"POST /user/forgetpassword","timestamp":"2024-05-21T11:23:29.304Z"}
{"level":"info","message":"POST /user/signup","timestamp":"2024-05-21T11:23:45.013Z"}
{"level":"info","message":"POST /user/signup","timestamp":"2024-05-21T11:23:52.694Z"}
{"level":"info","message":"POST /user/forgetpassword","timestamp":"2024-05-21T11:24:06.973Z"}
{"level":"info","message":"POST /user/forgetpassword","timestamp":"2024-05-21T11:24:51.066Z"}
{"level":"info","message":"POST /user/forgetpassword","timestamp":"2024-05-21T11:25:07.071Z"}
{"level":"info","message":"POST /user/forgetpassword","timestamp":"2024-05-21T11:25:26.845Z"}
{"level":"info","message":"POST /user/forgetpassword","timestamp":"2024-05-21T11:52:14.245Z"}
{"level":"info","message":"POST /user/resetpassword/fc415e4695c0026c846a17242089ddf4b58c0542f38fde15bd79801b3b6ff6b0","timestamp":"2024-05-21T12:01:24.617Z"}
{"level":"info","message":"POST /user/resetpassword/:fc415e4695c0026c846a17242089ddf4b58c0542f38fde15bd79801b3b6ff6b0","timestamp":"2024-05-21T12:01:35.431Z"}
{"level":"info","message":"POST /user/resetpassword/:fc415e4695c0026c846a17242089ddf4b58c0542f38fde15bd79801b3b6ff6b0","timestamp":"2024-05-21T12:02:27.511Z"}
{"level":"info","message":"POST /user/resetpassword/fc415e4695c0026c846a17242089ddf4b58c0542f38fde15bd79801b3b6ff6b0","timestamp":"2024-05-21T12:02:33.097Z"}
{"level":"info","message":"POST /user/resetpassword/fc415e4695c0026c846a17242089ddf4b58c0542f38fde15bd79801b3b6ff6b0","timestamp":"2024-05-21T12:02:34.257Z"}
{"level":"info","message":"POST /user/resetpassword/fc415e4695c0026c846a17242089ddf4b58c0542f38fde15bd79801b3b6ff6b0","timestamp":"2024-05-21T12:03:29.944Z"}
{"level":"info","message":"PATCH /user/resetpassword/fc415e4695c0026c846a17242089ddf4b58c0542f38fde15bd79801b3b6ff6b0","timestamp":"2024-05-21T12:03:34.505Z"}
{"level":"info","message":"PATCH /user/resetpassword/fc415e4695c0026c846a17242089ddf4b58c0542f38fde15bd79801b3b6ff6b0","timestamp":"2024-05-21T12:04:42.636Z"}
{"level":"info","message":"PATCH /user/resetpassword/fc415e4695c0026c846a17242089ddf4b58c0542f38fde15bd79801b3b6ff6b0","timestamp":"2024-05-21T12:05:07.129Z"}
{"level":"info","message":"PATCH /user/resetpassword/fc415e4695c0026c846a17242089ddf4b58c0542f38fde15bd79801b3b6ff6b0","timestamp":"2024-05-21T12:05:09.198Z"}
{"level":"info","message":"PATCH /user/resetpassword/%201641eecb2bad2b9090d9aac7cb6d8b9a7ed90f7dc2380b8ed8eaf4c97252cbce","timestamp":"2024-05-21T12:05:50.627Z"}
{"level":"info","message":"PATCH /user/resetpassword/%201641eecb2bad2b9090d9aac7cb6d8b9a7ed90f7dc2380b8ed8eaf4c97252cbce","timestamp":"2024-05-21T12:06:37.146Z"}
{"level":"info","message":"PATCH /user/resetpassword/8f6d6fbd3710c28b9ddf15344a1b074ea80c3c192a9f702ce1ea73b9818ce0c3","timestamp":"2024-05-21T12:07:34.169Z"}
{"level":"info","message":"PATCH /user/resetpassword/8f6d6fbd3710c28b9ddf15344a1b074ea80c3c192a9f702ce1ea73b9818ce0c3","timestamp":"2024-05-21T12:09:23.690Z"}
{"level":"info","message":"PATCH /user/resetpassword/8f6d6fbd3710c28b9ddf15344a1b074ea80c3c192a9f702ce1ea73b9818ce0c3","timestamp":"2024-05-21T12:09:25.002Z"}
{"level":"info","message":"PATCH /user/resetpassword/4ef69400b082e7aef317c07e6828daff9ab9978a81ae8b0af29aaeedbcdd14b6","timestamp":"2024-05-21T12:10:36.082Z"}
{"level":"info","message":"PATCH /user/resetpassword/b9e6420ba779fb4be764c40a2e15663ef7a150f61949627b093a09373c237cce","timestamp":"2024-05-21T12:13:13.918Z"}
{"level":"info","message":"PATCH /user/resetpassword/%20b9e6420ba779fb4be764c40a2e15663ef7a150f61949627b093a09373c237cce","timestamp":"2024-05-21T12:13:20.776Z"}
{"level":"info","message":"PATCH /user/resetpassword/b9e6420ba779fb4be764c40a2e15663ef7a150f61949627b093a09373c237cce","timestamp":"2024-05-21T12:13:42.743Z"}
{"level":"info","message":"PATCH /user/resetpassword/ff51c5e98ad61a323e96af6c810647acbe8462cf11f8f94018b6916a3a151d56","timestamp":"2024-05-22T05:20:44.380Z"}
{"level":"info","message":"POST /product/createproduct","timestamp":"2024-05-22T05:50:57.548Z"}
{"level":"info","message":"POST /product/createproduct","timestamp":"2024-05-22T05:51:16.320Z"}
{"level":"info","message":"POST /product/createproduct","timestamp":"2024-05-22T05:51:58.249Z"}
{"level":"info","message":"POST /product/createproduct","timestamp":"2024-05-22T05:53:17.199Z"}
{"level":"info","message":"POST /product/createproduct","timestamp":"2024-05-22T05:53:42.390Z"}
{"level":"info","message":"POST /product/createproduct","timestamp":"2024-05-22T05:54:16.096Z"}
{"level":"info","message":"POST /product/createproduct","timestamp":"2024-05-22T05:54:17.018Z"}
{"level":"info","message":"POST /product/createproduct","timestamp":"2024-05-22T05:55:02.927Z"}
{"level":"info","message":"POST /product/createproduct","timestamp":"2024-05-22T05:55:04.683Z"}
{"level":"info","message":"POST /product/createproduct","timestamp":"2024-05-22T05:55:13.173Z"}
{"level":"info","message":"POST /product/createproduct","timestamp":"2024-05-22T05:57:07.997Z"}
{"level":"info","message":"POST /product/createproduct","timestamp":"2024-05-22T05:59:58.876Z"}
{"level":"info","message":"POST /product/createproduct","timestamp":"2024-05-22T06:00:00.442Z"}
{"level":"info","message":"POST /product/createproduct","timestamp":"2024-05-22T06:00:25.505Z"}
{"level":"info","message":"POST /product/ratingproduct","timestamp":"2024-05-22T07:53:55.533Z"}
{"level":"info","message":"POST /product/ratingproduct","timestamp":"2024-05-22T07:54:02.352Z"}
{"level":"info","message":"POST /product/ratingproduct","timestamp":"2024-05-22T07:54:09.054Z"}
{"level":"info","message":"POST /product/ratingproduct","timestamp":"2024-05-22T07:54:51.929Z"}
{"level":"info","message":"POST /product/ratingproduct","timestamp":"2024-05-22T07:54:53.044Z"}
{"level":"info","message":"POST /product/ratingproduct","timestamp":"2024-05-22T07:55:07.329Z"}
{"level":"info","message":"POST /product/ratingproduct","timestamp":"2024-05-22T07:55:08.787Z"}
{"level":"info","message":"POST /product/ratingproduct","timestamp":"2024-05-22T07:55:15.851Z"}
{"level":"info","message":"POST /product/ratingproduct","timestamp":"2024-05-22T07:56:28.681Z"}
{"level":"info","message":"POST /product/ratingproduct","timestamp":"2024-05-22T07:56:29.725Z"}
{"level":"info","message":"POST /product/ratingproductt","timestamp":"2024-05-27T06:41:20.628Z"}
{"level":"info","message":"POST /product/ratingproductt","timestamp":"2024-05-27T07:09:57.305Z"}
{"level":"info","message":"POST /product/ratingproductt","timestamp":"2024-05-27T07:10:38.692Z"}
{"level":"info","message":"POST /product/ratingproductt","timestamp":"2024-05-27T07:11:01.050Z"}
{"level":"info","message":"POST /product/ratingproductt","timestamp":"2024-05-27T07:11:18.067Z"}
{"level":"info","message":"POST /product/ratingproductt","timestamp":"2024-05-27T07:11:21.198Z"}
{"level":"info","message":"POST /user/login","timestamp":"2024-05-27T07:13:39.006Z"}
{"level":"info","message":"POST /user/login","timestamp":"2024-05-27T07:14:05.526Z"}
{"level":"info","message":"POST /user/login","timestamp":"2024-05-27T07:14:07.773Z"}
{"level":"info","message":"POST /user/login","timestamp":"2024-05-27T07:15:16.053Z"}
{"level":"info","message":"POST /user/login","timestamp":"2024-05-27T07:15:18.007Z"}
{"level":"info","message":"POST /user/login","timestamp":"2024-05-27T07:16:03.561Z"}
{"level":"info","message":"POST /user/loginu","timestamp":"2024-05-27T07:16:08.638Z"}
{"level":"info","message":"POST /user/loginu","timestamp":"2024-05-27T07:37:14.334Z"}
{"level":"info","message":"POST /user/loginu","timestamp":"2024-05-27T07:37:15.847Z"}
{"level":"info","message":"POST /user/loginu","timestamp":"2024-05-27T07:37:33.124Z"}
{"level":"info","message":"POST /user/loginu","timestamp":"2024-05-27T07:42:05.026Z"}
{"level":"info","message":"POST /user/loginu","timestamp":"2024-05-27T07:42:05.938Z"}
{"level":"info","message":"POST /user/loginu","timestamp":"2024-05-27T07:42:06.847Z"}
{"level":"info","message":"POST /user/login","timestamp":"2024-05-27T07:42:10.236Z"}
{"level":"info","message":"POST /user/login","timestamp":"2024-05-27T07:42:12.660Z"}
{"level":"info","message":"POST /user/login","timestamp":"2024-05-27T07:42:27.330Z"}
{"level":"info","message":"POST /user/login","timestamp":"2024-05-27T07:42:31.538Z"}
{"level":"info","message":"POST /user/loginy","timestamp":"2024-05-27T07:42:35.559Z"}
{"level":"info","message":"POST /user/login","timestamp":"2024-05-27T07:44:11.497Z"}
{"level":"info","message":"POST /user/loginu","timestamp":"2024-05-27T07:44:15.304Z"}
{"level":"info","message":"POST /product/createproduct","timestamp":"2024-05-27T08:54:48.587Z"}
{"level":"info","message":"POST /product/createproduct","timestamp":"2024-05-27T08:55:53.930Z"}
{"level":"info","message":"POST /product/createproduct","timestamp":"2024-05-27T09:00:27.308Z"}
{"level":"info","message":"POST /product/getallproduct","timestamp":"2024-05-27T09:03:11.357Z"}
{"level":"info","message":"GET /product/getallproduct","timestamp":"2024-05-27T09:03:15.838Z"}
{"level":"info","message":"GET /product/getallproduct","timestamp":"2024-05-27T09:03:51.059Z"}
{"level":"info","message":"GET /product/getallproduct?mobile","timestamp":"2024-05-27T09:04:05.180Z"}
{"level":"info","message":"GET /product/getallproduct?laptop","timestamp":"2024-05-27T09:04:23.742Z"}
{"level":"info","message":"GET /product/getallproduct?laptop","timestamp":"2024-05-27T09:05:16.297Z"}
{"level":"info","message":"GET /product/getallproduct?mobile","timestamp":"2024-05-27T09:06:06.626Z"}
{"level":"info","message":"GET /product/getproduct/67678686","timestamp":"2024-05-27T09:20:37.841Z"}
{"level":"info","message":"GET /product/getproduct/6645bbbb0cd3ebbeebd8b3c0","timestamp":"2024-05-27T09:27:07.041Z"}
{"level":"info","message":"GET /product/getproduct/6645bbbb0cd3ebbeebd8b3c0","timestamp":"2024-05-27T09:27:43.604Z"}
{"level":"info","message":"PUT /product/updateproduct/6645bbbb0cd3ebbeebd8b3c0","timestamp":"2024-05-27T09:28:54.926Z"}
{"level":"info","message":"PUT /product/deleteproduct/6645bbbb0cd3ebbeebd8b3c0","timestamp":"2024-05-27T09:29:06.032Z"}
{"level":"info","message":"DELETE /product/deleteproduct/6645bbbb0cd3ebbeebd8b3c0","timestamp":"2024-05-27T09:29:10.903Z"}
{"level":"info","message":"DELETE /product/deleteproduct/6645bbbb0cd3ebbeebd8b3c0","timestamp":"2024-05-27T09:29:34.350Z"}
{"level":"info","message":"GET /product/deleteproduct/6645bbbb0cd3ebbeebd8b3c0","timestamp":"2024-05-27T10:19:49.165Z"}
{"level":"info","message":"GET /product/deleteproduct/6645bbbb0cd3ebbeebd8b3c0","timestamp":"2024-05-27T10:25:47.339Z"}
{"level":"info","message":"GET /product/getproduct/6645bbbb0cd3ebbeebd8b3c0","timestamp":"2024-05-27T10:26:07.496Z"}
{"level":"info","message":"GET /product/getproduct/6645bbbb0cd3ebbeebd8b3c0","timestamp":"2024-05-27T10:26:22.640Z"}
{"level":"info","message":"GET /product/getproduct/6645bbbb0cd3ebbeebd8b3c0","timestamp":"2024-05-27T10:26:36.261Z"}
{"level":"info","message":"GET /product/getproduct/6645bbbb0cd3ebbeebd8b3c0","timestamp":"2024-05-27T10:26:59.977Z"}
{"level":"info","message":"GET /product/getproduct/6645bbbb0cd3ebbeebd8b3c0","timestamp":"2024-05-27T10:30:21.053Z"}
{"level":"info","message":"GET /product/getproduct/6645bbbb0cd3ebbeebd8b3c0","timestamp":"2024-05-27T10:30:46.960Z"}
{"level":"info","message":"GET /product/getproduct/wwwwww","timestamp":"2024-05-28T06:55:56.792Z"}
{"level":"info","message":"GET /product/getproduct/wwwwww","timestamp":"2024-05-28T06:56:44.113Z"}
{"level":"info","message":"GET /product/getproduct/wwwwww","timestamp":"2024-05-28T06:56:45.325Z"}
{"level":"info","message":"GET /product/getproduct/wwwwww","timestamp":"2024-05-28T06:57:42.281Z"}
{"level":"info","message":"GET /product/getproduct/wwwwww","timestamp":"2024-05-28T06:57:43.264Z"}
{"level":"info","message":"GET /product/getproduct/wwwwww","timestamp":"2024-05-28T06:57:44.108Z"}
{"level":"info","message":"GET /product/getproduct/wwwwww","timestamp":"2024-05-28T06:57:45.113Z"}
{"level":"info","message":"GET /product/getproduct/wwwwww","timestamp":"2024-05-28T06:57:45.943Z"}
{"level":"info","message":"GET /product/getproduct/wwwwww","timestamp":"2024-05-28T06:58:05.469Z"}
{"level":"info","message":"GET /product/getproduct/wwwwww","timestamp":"2024-05-28T06:58:06.384Z"}
{"level":"info","message":"GET /product/getproduct/wwwwww","timestamp":"2024-05-28T06:58:07.157Z"}
{"level":"info","message":"GET /product/getproduct/wwwwww","timestamp":"2024-05-28T06:58:33.993Z"}
{"level":"info","message":"GET /product/getproduct/6645bbbb0cd3ebbeebd8b3c0","timestamp":"2024-05-28T06:58:50.622Z"}
{"level":"info","message":"GET /product/getproduct/6645bbbb0cd3ebbeebd8b3c0","timestamp":"2024-05-28T06:58:55.063Z"}
{"level":"info","message":"GET /product/getproduct/6645bbbb0cd3ebbeebd8b3c0","timestamp":"2024-05-28T06:59:42.882Z"}
{"level":"info","message":"GET /product/getproduct/6645bbbb0cd3ebbeebd8b3c0","timestamp":"2024-05-28T06:59:44.909Z"}
{"level":"info","message":"GET /product/getproduct/6645bbbb0cd3ebbeebd8b3c0","timestamp":"2024-05-28T07:01:26.795Z"}
{"level":"info","message":"GET /product/getproduct/6645bbbb0cd3ebbeebd8b3c0","timestamp":"2024-05-28T07:01:27.809Z"}
{"level":"info","message":"GET /product/getproduct/6645bbbb0cd3ebbeebd8b3c0","timestamp":"2024-05-28T07:01:28.675Z"}
{"level":"info","message":"GET /product/getproduct/wwwww","timestamp":"2024-05-28T07:01:35.646Z"}
{"level":"info","message":"GET /product/getproduct/wwwww","timestamp":"2024-05-28T07:01:39.682Z"}
{"level":"info","message":"GET /product/getproduct/wwwww","timestamp":"2024-05-28T07:02:09.034Z"}
{"level":"info","message":"POST /user/signup","timestamp":"2024-05-28T07:12:19.308Z"}
{"level":"info","message":"POST /user/signup","timestamp":"2024-05-28T07:12:30.863Z"}
{"level":"info","message":"POST /user/signup","timestamp":"2024-05-28T07:13:19.420Z"}
{"level":"info","message":"POST /user/signup","timestamp":"2024-05-28T07:13:43.248Z"}
{"level":"info","message":"POST /user/signup","timestamp":"2024-05-28T07:13:57.066Z"}
{"level":"info","message":"GET /product/getproduct/wwwww","timestamp":"2024-05-28T07:14:13.692Z"}
{"level":"info","message":"POST /user/signup","timestamp":"2024-05-28T07:14:59.686Z"}
{"level":"info","message":"POST /user/signup","timestamp":"2024-05-28T07:29:20.623Z"}
{"level":"info","message":"POST /user/signup","timestamp":"2024-05-28T07:29:25.616Z"}
{"level":"info","message":"POST /user/signup","timestamp":"2024-05-28T07:29:34.999Z"}
{"level":"info","message":"POST /user/signup","timestamp":"2024-05-28T07:33:52.644Z"}
{"level":"info","message":"POST /user/signup","timestamp":"2024-05-28T07:42:09.969Z"}
{"level":"info","message":"POST /user/signup","timestamp":"2024-05-28T07:42:17.160Z"}
{"level":"info","message":"POST /user/signup","timestamp":"2024-05-28T07:45:06.280Z"}
{"level":"info","message":"POST /product/ratingproduct","timestamp":"2024-05-28T10:11:28.848Z"}
{"level":"info","message":"POST /product/ratingproduct","timestamp":"2024-05-28T10:14:42.179Z"}
{"level":"info","message":"POST /product/ratingproduct","timestamp":"2024-05-28T10:20:09.977Z"}
{"level":"info","message":"POST /product/ratingproduct","timestamp":"2024-05-28T10:20:11.834Z"}
{"level":"info","message":"POST /product/ratingproduct","timestamp":"2024-05-28T10:21:02.035Z"}
{"level":"info","message":"POST /product/ratingproduct","timestamp":"2024-05-28T10:34:08.712Z"}
{"level":"info","message":"POST /product/ratingproduct","timestamp":"2024-05-28T10:34:44.624Z"}
{"level":"info","message":"POST /product/ratingproduct","timestamp":"2024-05-28T10:34:47.139Z"}
{"level":"info","message":"POST /product/ratingproduct","timestamp":"2024-05-28T10:35:40.549Z"}
{"level":"info","message":"POST /product/ratingproduct","timestamp":"2024-05-28T10:36:56.381Z"}
{"level":"info","message":"POST /product/ratingproduct","timestamp":"2024-05-28T10:37:02.152Z"}
{"level":"info","message":"POST /product/ratingproduct","timestamp":"2024-05-28T10:37:59.835Z"}
{"level":"info","message":"POST /product/ratingproduct","timestamp":"2024-05-28T10:38:43.012Z"}
{"level":"info","message":"POST /product/ratingproduct","timestamp":"2024-05-28T10:39:14.080Z"}
{"level":"info","message":"POST /product/ratingproduct","timestamp":"2024-05-28T10:39:28.480Z"}
{"level":"info","message":"POST /product/ratingproduct","timestamp":"2024-05-28T10:41:29.914Z"}
{"level":"info","message":"POST /product/ratingproduct","timestamp":"2024-05-28T10:44:10.053Z"}
{"level":"info","message":"POST /product/ratingproduct/6645bbbb0cd3ebbeebd8b3c4","timestamp":"2024-05-28T10:51:09.277Z"}
{"level":"info","message":"POST /product/ratingproduct/6645bbbb0cd3ebbeebd8b3c4","timestamp":"2024-05-28T10:51:11.614Z"}
{"level":"info","message":"POST /product/ratingproduct/6645bbbb0cd3ebbeebd8b3c4","timestamp":"2024-05-28T10:54:44.312Z"}
{"level":"info","message":"POST /product/ratingproduct/6645bbbb0cd3ebbeebd8b3c4","timestamp":"2024-05-28T10:54:45.584Z"}
{"level":"info","message":"POST /product/ratingproduct/6645bbbb0cd3ebbeebd8b3c4","timestamp":"2024-05-28T10:54:51.125Z"}
{"level":"info","message":"POST /product/ratingproduct/6645bbbb0cd3ebbeebd8b3c4","timestamp":"2024-05-28T10:54:56.231Z"}
{"level":"info","message":"POST /product/ratingproduct/6645bbbb0cd3ebbeebd8b3c4","timestamp":"2024-05-28T10:55:23.665Z"}
{"level":"info","message":"POST /product/ratingproduct/6645bbbb0cd3ebbeebd8b3c4","timestamp":"2024-05-28T10:55:40.034Z"}
{"level":"info","message":"POST /product/ratingproduct/6645bbbb0cd3ebbeebd8b3c4","timestamp":"2024-05-28T10:57:28.926Z"}
{"level":"info","message":"POST /product/ratingproduct/6645bbbb0cd3ebbeebd8b3c4","timestamp":"2024-05-28T10:57:54.565Z"}
{"level":"info","message":"POST /product/ratingproduct/6645bbbb0cd3ebbeebd8b3c4","timestamp":"2024-05-28T10:58:08.781Z"}
{"level":"info","message":"POST /product/6645bbbb0cd3ebbeebd8b3c4/ratingproduct","timestamp":"2024-05-28T10:58:51.200Z"}
{"level":"info","message":"POST /product/6645bbbb0cd3ebbeebd8b3c4/ratingproduct","timestamp":"2024-05-28T11:00:07.316Z"}
{"level":"info","message":"POST /product/6645bbbb0cd3ebbeebd8b3c4/ratingproduct","timestamp":"2024-05-28T11:02:07.755Z"}
{"level":"info","message":"POST /product/6645bbbb0cd3ebbeebd8b3c4/ratingproduct","timestamp":"2024-05-28T11:02:57.663Z"}
{"level":"info","message":"POST /product/6645bbbb0cd3ebbeebd8b3c4/ratingproduct","timestamp":"2024-05-28T11:04:02.194Z"}
{"level":"info","message":"POST /product/6645bbbb0cd3ebbeebd8b3c4/ratingproduct","timestamp":"2024-05-28T11:04:04.132Z"}
{"level":"info","message":"POST /product/6645bbbb0cd3ebbeebd8b3c4/ratingproduct","timestamp":"2024-05-28T11:04:05.055Z"}
{"level":"info","message":"POST /product/6645bbbb0cd3ebbeebd8b3c4/ratingproduct","timestamp":"2024-05-28T11:11:31.671Z"}
{"level":"info","message":"POST /product/6645bbbb0cd3ebbeebd8b3c4/ratingproduct","timestamp":"2024-05-28T11:12:56.169Z"}
{"level":"info","message":"POST /product/6645bbbb0cd3ebbeebd8b3c4/ratingproduct","timestamp":"2024-05-28T11:14:50.693Z"}
{"level":"info","message":"POST /product/6645bbbb0cd3ebbeebd8b3c4/ratingproduct","timestamp":"2024-05-28T11:14:51.771Z"}
{"level":"info","message":"POST /product/6645bbbb0cd3ebbeebd8b3c4/ratingproduct","timestamp":"2024-05-28T11:15:45.543Z"}
{"level":"info","message":"POST /product/6645bbbb0cd3ebbeebd8b3c4/ratingproduct","timestamp":"2024-05-28T11:16:50.542Z"}
{"level":"info","message":"POST /product/6645bbbb0cd3ebbeebd8b3c4/ratingproduct","timestamp":"2024-05-28T11:18:09.570Z"}
{"level":"info","message":"POST /product/6645bbbb0cd3ebbeebd8b3c4/ratingproduct","timestamp":"2024-05-28T11:21:51.054Z"}
{"level":"info","message":"POST /product/6645bbbb0cd3ebbeebd8b3c4/ratingproduct","timestamp":"2024-05-28T11:23:20.788Z"}
{"level":"info","message":"POST /product/6645bbbb0cd3ebbeebd8b3c4/ratingproduct","timestamp":"2024-05-28T11:24:03.088Z"}
{"level":"info","message":"POST /product/6645bbbb0cd3ebbeebd8b3c4/ratingproduct","timestamp":"2024-05-28T11:24:48.619Z"}
{"level":"info","message":"POST /product/6645bbbb0cd3ebbeebd8b3c4/ratingproduct","timestamp":"2024-05-28T11:25:29.196Z"}
{"level":"info","message":"POST /product/6645bbbb0cd3ebbeebd8b3c4/ratingproduct","timestamp":"2024-05-28T11:26:51.422Z"}
{"level":"info","message":"POST /product/6645bbbb0cd3ebbeebd8b3c4/ratingproduct","timestamp":"2024-05-28T11:27:39.349Z"}
{"level":"info","message":"POST /product/6645bbbb0cd3ebbeebd8b3c4/ratingproduct","timestamp":"2024-05-28T11:28:16.476Z"}
{"level":"info","message":"POST /product/6645bbbb0cd3ebbeebd8b3c4/ratingproduct","timestamp":"2024-05-28T11:41:12.262Z"}
{"level":"info","message":"POST /product/6645bbbb0cd3ebbeebd8b3c4/ratingproduct","timestamp":"2024-05-28T11:41:54.317Z"}
{"level":"info","message":"POST /product/6645bbbb0cd3ebbeebd8b3c4/ratingproduct","timestamp":"2024-05-28T11:41:56.068Z"}
{"level":"info","message":"POST /product/6645bbbb0cd3ebbeebd8b3c4/ratingproduct","timestamp":"2024-05-28T11:42:34.275Z"}
{"level":"info","message":"POST /product/6645bbbb0cd3ebbeebd8b3c4/ratingproduct","timestamp":"2024-05-28T11:42:45.886Z"}
{"level":"info","message":"POST /product/6645bbbb0cd3ebbeebd8b3c4/ratingproduct","timestamp":"2024-05-28T11:42:46.541Z"}
{"level":"info","message":"POST /product/6645bbbb0cd3ebbeebd8b3c4/ratingproduct","timestamp":"2024-05-28T11:48:53.561Z"}
{"level":"info","message":"POST /product/6645bbbb0cd3ebbeebd8b3c4/ratingproduct","timestamp":"2024-05-28T11:49:15.845Z"}
{"level":"info","message":"POST /product/6645bbbb0cd3ebbeebd8b3c4/ratingproduct","timestamp":"2024-05-28T11:50:00.951Z"}
{"level":"info","message":"POST /product/6645bbbb0cd3ebbeebd8b3c4/ratingproduct","timestamp":"2024-05-28T11:50:22.790Z"}
{"level":"info","message":"POST /product/6645bbbb0cd3ebbeebd8b3c4/ratingproduct","timestamp":"2024-05-28T11:57:33.103Z"}
{"level":"info","message":"POST /product/ratingproduct","timestamp":"2024-05-29T05:58:28.179Z"}
{"level":"info","message":"POST /product/ratingproduct/6645bbbb0cd3ebbeebd8b3c4","timestamp":"2024-05-29T05:59:26.328Z"}
{"level":"info","message":"POST /product/ratingproduct/6645bbbb0cd3ebbeebd8b3c4","timestamp":"2024-05-29T06:00:23.360Z"}
{"level":"info","message":"POST /product/ratingproduct/6645bbbb0cd3ebbeebd8b3c4","timestamp":"2024-05-29T06:00:48.388Z"}
{"level":"info","message":"POST /product/ratingproduct/6645bbbb0cd3ebbeebd8b3c4","timestamp":"2024-05-29T06:01:06.817Z"}
{"level":"info","message":"POST /product/ratingproduct/6645bbbb0cd3ebbeebd8b3c4","timestamp":"2024-05-29T06:07:00.773Z"}
{"level":"info","message":"POST /product/ratingproduct/6645bbbb0cd3ebbeebd8b3c4","timestamp":"2024-05-29T06:09:02.729Z"}
{"level":"info","message":"POST /product/ratingproduct/6645bbbb0cd3ebbeebd8b3c4","timestamp":"2024-05-29T06:09:25.881Z"}
{"level":"info","message":"POST /product/ratingproduct/6645bbbb0cd3ebbeebd8b3c4","timestamp":"2024-05-29T06:11:27.040Z"}
{"level":"info","message":"POST /product/ratingproduct/6645bbbb0cd3ebbeebd8b3c4","timestamp":"2024-05-29T06:12:07.046Z"}
{"level":"info","message":"POST /product/ratingproduct/6645bbbb0cd3ebbeebd8b3c4","timestamp":"2024-05-29T06:12:08.164Z"}
{"level":"info","message":"POST /product/ratingproduct/6645bbbb0cd3ebbeebd8b3c4","timestamp":"2024-05-29T06:12:48.161Z"}
{"level":"info","message":"POST /product/ratingproduct/6645bbbb0cd3ebbeebd8b3c4","timestamp":"2024-05-29T06:13:03.373Z"}
{"level":"info","message":"POST /product/ratingproduct/6645bbbb0cd3ebbeebd8b3c4","timestamp":"2024-05-29T06:13:30.203Z"}
{"level":"info","message":"POST /product/ratingproduct/6645bbbb0cd3ebbeebd8b3c4","timestamp":"2024-05-29T06:13:47.358Z"}
{"level":"info","message":"POST /product/ratingproduct/6645bbbb0cd3ebbeebd8b3c4","timestamp":"2024-05-29T06:17:35.149Z"}
{"level":"info","message":"POST /product/ratingproduct/6645bbbb0cd3ebbeebd8b3c4","timestamp":"2024-05-29T06:18:34.962Z"}
{"level":"info","message":"POST /user/signup","timestamp":"2024-05-29T07:05:29.223Z"}
{"level":"info","message":"POST /user/signup","timestamp":"2024-05-29T07:05:35.417Z"}
{"level":"info","message":"POST /product/ratingproduct","timestamp":"2024-05-29T07:06:23.054Z"}
{"level":"info","message":"POST /product/ratingproduct","timestamp":"2024-05-29T07:06:59.676Z"}
{"level":"info","message":"POST /product/ratingproduct","timestamp":"2024-05-29T07:07:01.270Z"}
{"level":"info","message":"POST /product/ratingproduct","timestamp":"2024-05-29T07:07:54.975Z"}
{"level":"info","message":"POST /product/ratingproduct","timestamp":"2024-05-29T07:35:48.544Z"}
{"level":"info","message":"POST /product/ratingproduct","timestamp":"2024-05-29T07:36:57.008Z"}
{"level":"info","message":"POST /product/ratingproduct","timestamp":"2024-05-29T07:37:19.941Z"}
{"level":"info","message":"POST /product/ratingproduct","timestamp":"2024-05-29T07:38:34.915Z"}
{"level":"info","message":"POST /product/ratingproduct","timestamp":"2024-05-29T07:39:06.714Z"}
{"level":"info","message":"POST /product/ratingproduct","timestamp":"2024-05-29T07:39:44.767Z"}
{"level":"info","message":"POST /product/ratingproduct/6645bbbb0cd3ebbeebd8b3c4","timestamp":"2024-05-29T07:50:53.341Z"}
{"level":"info","message":"POST /product/ratingproduct/6645bbbb0cd3ebbeebd8b3c4","timestamp":"2024-05-29T07:51:30.392Z"}
{"level":"info","message":"POST /product/ratingproduct/6645bbbb0cd3ebbeebd8b3c4","timestamp":"2024-05-29T07:54:27.207Z"}
{"level":"info","message":"POST /product/ratingproduct/6645bbbb0cd3ebbeebd8b3c4","timestamp":"2024-05-29T07:54:29.936Z"}
{"level":"info","message":"POST /product/ratingproduct/6645bbbb0cd3ebbeebd8b3c4","timestamp":"2024-05-29T07:54:59.696Z"}
{"level":"info","message":"POST /product/ratingproduct/6645bbbb0cd3ebbeebd8b3c4","timestamp":"2024-05-29T07:59:01.239Z"}
{"level":"info","message":"POST /product/ratingproduct","timestamp":"2024-05-29T07:59:10.184Z"}
{"level":"info","message":"POST /product/ratingproduct","timestamp":"2024-05-29T07:59:47.117Z"}
{"level":"info","message":"POST /product/ratingproduct","timestamp":"2024-05-29T10:57:18.907Z"}
{"level":"info","message":"POST /product/ratingproduct","timestamp":"2024-05-29T11:00:42.206Z"}
{"level":"info","message":"POST /product/ratingproduct","timestamp":"2024-05-29T11:01:04.372Z"}
{"level":"info","message":"POST /product/ratingproduct","timestamp":"2024-05-29T11:05:15.615Z"}
{"level":"info","message":"POST /product/ratingproduct","timestamp":"2024-05-29T11:05:27.780Z"}
{"level":"info","message":"POST /product/ratingproduct","timestamp":"2024-05-29T11:05:39.635Z"}
{"level":"info","message":"POST /product/ratingproduct","timestamp":"2024-05-29T11:11:21.954Z"}
{"level":"info","message":"POST /product/ratingproduct","timestamp":"2024-05-29T11:13:25.925Z"}
{"level":"info","message":"POST /product/ratingproduct","timestamp":"2024-05-29T11:16:45.303Z"}
{"level":"info","message":"POST /product/ratingproduct","timestamp":"2024-05-29T11:16:57.352Z"}
{"level":"info","message":"POST /product/ratingproduct","timestamp":"2024-05-29T11:17:55.353Z"}
{"level":"info","message":"POST /product/ratingproduct","timestamp":"2024-05-29T11:18:56.516Z"}
{"level":"info","message":"POST /product/ratingproduct","timestamp":"2024-05-29T11:20:40.492Z"}
{"level":"info","message":"POST /product/ratingproduct","timestamp":"2024-05-29T11:21:10.252Z"}
{"level":"info","message":"POST /product/ratingproduct","timestamp":"2024-05-29T11:26:48.168Z"}
{"level":"info","message":"POST /product/ratingproduct","timestamp":"2024-05-29T12:01:46.362Z"}
{"level":"info","message":"POST /product/ratingproduct/6645bbbb0cd3ebbeebd8b3c4","timestamp":"2024-05-29T12:02:06.495Z"}
{"level":"info","message":"POST /product/ratingproduct/6645bbbb0cd3ebbeebd8b3c4","timestamp":"2024-05-29T12:02:41.167Z"}
